[2018-01-30 12:02:09 +0800] [22461] [INFO] Starting gunicorn 19.7.1
[2018-01-30 12:02:09 +0800] [22461] [INFO] Listening at: http://127.0.0.1:8080 (22461)
[2018-01-30 12:02:09 +0800] [22461] [INFO] Using worker: sync
[2018-01-30 12:02:09 +0800] [22473] [INFO] Booting worker with pid: 22473
[2018-01-30 12:02:10 +0800] [22475] [INFO] Booting worker with pid: 22475
[2018-01-30 12:02:10 +0800] [22477] [INFO] Booting worker with pid: 22477
[2018-01-30 12:03:08 +0800] [22772] [INFO] Starting gunicorn 19.7.1
[2018-01-30 12:03:08 +0800] [22772] [INFO] Listening at: http://127.0.0.1:8000 (22772)
[2018-01-30 12:03:08 +0800] [22772] [INFO] Using worker: sync
[2018-01-30 12:03:08 +0800] [22775] [INFO] Booting worker with pid: 22775
[2018-01-30 12:03:08 +0800] [22776] [INFO] Booting worker with pid: 22776
[2018-01-30 12:03:08 +0800] [22779] [INFO] Booting worker with pid: 22779
[2018-01-30 15:00:25 +0800] [22772] [INFO] Handling signal: hup
[2018-01-30 15:00:25 +0800] [22772] [INFO] Hang up: Master
[2018-01-30 15:00:25 +0800] [22461] [INFO] Handling signal: hup
[2018-01-30 15:00:25 +0800] [74777] [INFO] Booting worker with pid: 74777
[2018-01-30 15:00:25 +0800] [22461] [INFO] Hang up: Master
[2018-01-30 15:00:25 +0800] [74778] [INFO] Booting worker with pid: 74778
[2018-01-30 15:00:25 +0800] [74779] [INFO] Booting worker with pid: 74779
[2018-01-30 15:00:25 +0800] [74780] [INFO] Booting worker with pid: 74780
[2018-01-30 15:00:25 +0800] [74781] [INFO] Booting worker with pid: 74781
[2018-01-30 15:00:25 +0800] [74783] [INFO] Booting worker with pid: 74783
[2018-01-30 15:00:25 +0800] [74782] [INFO] Booting worker with pid: 74782
[2018-01-30 07:00:27 +0000] [74777] [INFO] Worker exiting (pid: 74777)
[2018-01-30 18:13:25 +0800] [22772] [CRITICAL] WORKER TIMEOUT (pid:74779)
[2018-01-30 18:13:26 +0800] [22461] [CRITICAL] WORKER TIMEOUT (pid:74778)
[2018-01-30 18:13:26 +0800] [22461] [CRITICAL] WORKER TIMEOUT (pid:74780)
[2018-01-30 18:13:26 +0800] [22461] [CRITICAL] WORKER TIMEOUT (pid:74782)
[2018-01-30 10:13:26 +0000] [74779] [INFO] Worker exiting (pid: 74779)
[2018-01-30 10:13:26 +0000] [74782] [INFO] Worker exiting (pid: 74782)
[2018-01-30 10:13:26 +0000] [74778] [INFO] Worker exiting (pid: 74778)
[2018-01-30 10:13:26 +0000] [74780] [INFO] Worker exiting (pid: 74780)
[2018-01-30 18:13:27 +0800] [125203] [INFO] Booting worker with pid: 125203
[2018-01-30 18:13:27 +0800] [125204] [INFO] Booting worker with pid: 125204
[2018-01-30 18:13:27 +0800] [125205] [INFO] Booting worker with pid: 125205
[2018-01-30 18:13:27 +0800] [125207] [INFO] Booting worker with pid: 125207
[2018-01-31 17:41:58 +0800] [30755] [INFO] Starting gunicorn 19.7.1
[2018-01-31 17:41:58 +0800] [30755] [INFO] Listening at: http://0.0.0.0:8000 (30755)
[2018-01-31 17:41:58 +0800] [30755] [INFO] Using worker: sync
[2018-01-31 17:41:58 +0800] [30758] [INFO] Booting worker with pid: 30758
[2018-01-31 17:41:58 +0800] [30760] [INFO] Booting worker with pid: 30760
[2018-01-31 17:41:58 +0800] [30761] [INFO] Booting worker with pid: 30761
[2018-01-31 17:57:21 +0800] [30755] [CRITICAL] WORKER TIMEOUT (pid:30758)
[2018-01-31 09:57:21 +0000] [30758] [INFO] Worker exiting (pid: 30758)
[2018-01-31 17:57:21 +0800] [30832] [INFO] Booting worker with pid: 30832
[2018-01-31 18:03:06 +0800] [30755] [INFO] Handling signal: term
[2018-01-31 10:03:06 +0000] [30760] [INFO] Worker exiting (pid: 30760)
[2018-01-31 10:03:06 +0000] [30761] [INFO] Worker exiting (pid: 30761)
[2018-01-31 10:03:06 +0000] [30832] [INFO] Worker exiting (pid: 30832)
[2018-01-31 18:03:07 +0800] [30755] [INFO] Shutting down: Master
[2018-01-31 18:03:24 +0800] [30906] [INFO] Starting gunicorn 19.7.1
[2018-01-31 18:03:24 +0800] [30906] [INFO] Listening at: http://0.0.0.0:8000 (30906)
[2018-01-31 18:03:24 +0800] [30906] [INFO] Using worker: sync
[2018-01-31 18:03:24 +0800] [30909] [INFO] Booting worker with pid: 30909
[2018-01-31 18:03:24 +0800] [30911] [INFO] Booting worker with pid: 30911
[2018-01-31 18:03:24 +0800] [30912] [INFO] Booting worker with pid: 30912
[2018-01-31 11:51:10 +0000] [30909] [INFO] Parent changed, shutting down: <Worker 30909>
[2018-01-31 11:51:10 +0000] [30909] [INFO] Worker exiting (pid: 30909)














[2018-01-31 11:51:14 +0000] [30912] [INFO] Parent changed, shutting down: <Worker 30912>
[2018-01-31 11:51:14 +0000] [30912] [INFO] Worker exiting (pid: 30912)





62.00















[2018-01-31 11:51:14 +0000] [30911] [INFO] Parent changed, shutting down: <Worker 30911>
[2018-01-31 11:51:14 +0000] [30911] [INFO] Worker exiting (pid: 30911)
62.00














[2018-02-01 13:57:40 +0800] [4081] [INFO] Starting gunicorn 19.7.1
[2018-02-01 13:57:40 +0800] [4081] [INFO] Listening at: http://0.0.0.0:8000 (4081)
[2018-02-01 13:57:40 +0800] [4081] [INFO] Using worker: sync
[2018-02-01 13:57:40 +0800] [4084] [INFO] Booting worker with pid: 4084
[2018-02-01 13:57:40 +0800] [4085] [INFO] Booting worker with pid: 4085
[2018-02-01 13:57:40 +0800] [4087] [INFO] Booting worker with pid: 4087
